# JRE version: OpenJDK Runtime Environment (8.0_252-b09) (build 1.8.0_252-8u252-b09-1ubuntu1-b09)
# Java VM: OpenJDK 64-Bit Server VM (25.252-b09 mixed mode linux-amd64 compressed oops)
Heap:
 PSYoungGen      total 128512K, used 25100K [0x00000000f5580000, 0x0000000100000000, 0x0000000100000000)
  eden space 84480K, 0% used [0x00000000f5580000,0x00000000f5580000,0x00000000fa800000)
  from space 44032K, 57% used [0x00000000fd500000,0x00000000fed83288,0x0000000100000000)
  to   space 45056K, 0% used [0x00000000fa800000,0x00000000fa800000,0x00000000fd400000)
 ParOldGen       total 349184K, used 330560K [0x00000000e0000000, 0x00000000f5500000, 0x00000000f5580000)
  object space 349184K, 94% used [0x00000000e0000000,0x00000000f42d01c0,0x00000000f5500000)
 Metaspace       used 113110K, capacity 120956K, committed 121088K, reserved 1155072K
  class space    used 14063K, capacity 15583K, committed 15616K, reserved 1048576K
GC Heap History (10 events):
Event: 21041,558 GC heap after
Heap after GC invocations=130 (full 8):
 PSYoungGen      total 141824K, used 14912K [0x00000000f5580000, 0x00000000ffe00000, 0x0000000100000000)
  eden space 112128K, 0% used [0x00000000f5580000,0x00000000f5580000,0x00000000fc300000)
  from space 29696K, 50% used [0x00000000fe000000,0x00000000fee902a8,0x00000000ffd00000)
  to   space 29696K, 0% used [0x00000000fc300000,0x00000000fc300000,0x00000000fe000000)
 ParOldGen       total 349184K, used 251705K [0x00000000e0000000, 0x00000000f5500000, 0x00000000f5580000)
  object space 349184K, 72% used [0x00000000e0000000,0x00000000ef5ce610,0x00000000f5500000)
 Metaspace       used 112987K, capacity 120786K, committed 121088K, reserved 1155072K
  class space    used 14052K, capacity 15568K, committed 15616K, reserved 1048576K
}
Event: 21041,825 GC heap before
{Heap before GC invocations=131 (full 8):
 PSYoungGen      total 141824K, used 127040K [0x00000000f5580000, 0x00000000ffe00000, 0x0000000100000000)
  eden space 112128K, 100% used [0x00000000f5580000,0x00000000fc300000,0x00000000fc300000)
  from space 29696K, 50% used [0x00000000fe000000,0x00000000fee902a8,0x00000000ffd00000)
  to   space 29696K, 0% used [0x00000000fc300000,0x00000000fc300000,0x00000000fe000000)
 ParOldGen       total 349184K, used 251705K [0x00000000e0000000, 0x00000000f5500000, 0x00000000f5580000)
  object space 349184K, 72% used [0x00000000e0000000,0x00000000ef5ce610,0x00000000f5500000)
 Metaspace       used 113058K, capacity 120880K, committed 121088K, reserved 1155072K
  class space    used 14063K, capacity 15583K, committed 15616K, reserved 1048576K
Event: 21041,847 GC heap after
Heap after GC invocations=131 (full 8):
 PSYoungGen      total 139264K, used 26679K [0x00000000f5580000, 0x0000000100000000, 0x0000000100000000)
  eden space 112128K, 0% used [0x00000000f5580000,0x00000000f5580000,0x00000000fc300000)
  from space 27136K, 98% used [0x00000000fc300000,0x00000000fdd0ded0,0x00000000fdd80000)
  to   space 33792K, 0% used [0x00000000fdf00000,0x00000000fdf00000,0x0000000100000000)
 ParOldGen       total 349184K, used 254582K [0x00000000e0000000, 0x00000000f5500000, 0x00000000f5580000)
  object space 349184K, 72% used [0x00000000e0000000,0x00000000ef89d9d8,0x00000000f5500000)
 Metaspace       used 113058K, capacity 120880K, committed 121088K, reserved 1155072K
  class space    used 14063K, capacity 15583K, committed 15616K, reserved 1048576K
}
Event: 21042,190 GC heap before
{Heap before GC invocations=132 (full 8):
 PSYoungGen      total 139264K, used 138807K [0x00000000f5580000, 0x0000000100000000, 0x0000000100000000)
  eden space 112128K, 100% used [0x00000000f5580000,0x00000000fc300000,0x00000000fc300000)
  from space 27136K, 98% used [0x00000000fc300000,0x00000000fdd0ded0,0x00000000fdd80000)
  to   space 33792K, 0% used [0x00000000fdf00000,0x00000000fdf00000,0x0000000100000000)
 ParOldGen       total 349184K, used 254582K [0x00000000e0000000, 0x00000000f5500000, 0x00000000f5580000)
  object space 349184K, 72% used [0x00000000e0000000,0x00000000ef89d9d8,0x00000000f5500000)
 Metaspace       used 113085K, capacity 120952K, committed 121088K, reserved 1155072K
  class space    used 14063K, capacity 15583K, committed 15616K, reserved 1048576K
Event: 21042,263 GC heap after
Heap after GC invocations=132 (full 8):
 PSYoungGen      total 129536K, used 33161K [0x00000000f5580000, 0x0000000100000000, 0x0000000100000000)
  eden space 95744K, 0% used [0x00000000f5580000,0x00000000f5580000,0x00000000fb300000)
  from space 33792K, 98% used [0x00000000fdf00000,0x00000000fff62740,0x0000000100000000)
  to   space 39424K, 0% used [0x00000000fb300000,0x00000000fb300000,0x00000000fd980000)
 ParOldGen       total 349184K, used 277299K [0x00000000e0000000, 0x00000000f5500000, 0x00000000f5580000)
  object space 349184K, 79% used [0x00000000e0000000,0x00000000f0eccfe0,0x00000000f5500000)
 Metaspace       used 113085K, capacity 120952K, committed 121088K, reserved 1155072K
  class space    used 14063K, capacity 15583K, committed 15616K, reserved 1048576K
}
Event: 21043,281 GC heap before
{Heap before GC invocations=133 (full 8):
 PSYoungGen      total 129536K, used 128905K [0x00000000f5580000, 0x0000000100000000, 0x0000000100000000)
  eden space 95744K, 100% used [0x00000000f5580000,0x00000000fb300000,0x00000000fb300000)
  from space 33792K, 98% used [0x00000000fdf00000,0x00000000fff62740,0x0000000100000000)
  to   space 39424K, 0% used [0x00000000fb300000,0x00000000fb300000,0x00000000fd980000)
 ParOldGen       total 349184K, used 277299K [0x00000000e0000000, 0x00000000f5500000, 0x00000000f5580000)
  object space 349184K, 79% used [0x00000000e0000000,0x00000000f0eccfe0,0x00000000f5500000)
 Metaspace       used 113109K, capacity 120956K, committed 121088K, reserved 1155072K
  class space    used 14063K, capacity 15583K, committed 15616K, reserved 1048576K
Event: 21043,351 GC heap after
Heap after GC invocations=133 (full 8):
 PSYoungGen      total 130560K, used 34795K [0x00000000f5580000, 0x0000000100000000, 0x0000000100000000)
  eden space 95744K, 0% used [0x00000000f5580000,0x00000000f5580000,0x00000000fb300000)
  from space 34816K, 99% used [0x00000000fb300000,0x00000000fd4fad20,0x00000000fd500000)
  to   space 44032K, 0% used [0x00000000fd500000,0x00000000fd500000,0x0000000100000000)
 ParOldGen       total 349184K, used 303341K [0x00000000e0000000, 0x00000000f5500000, 0x00000000f5580000)
  object space 349184K, 86% used [0x00000000e0000000,0x00000000f283b4e0,0x00000000f5500000)
 Metaspace       used 113109K, capacity 120956K, committed 121088K, reserved 1155072K
  class space    used 14063K, capacity 15583K, committed 15616K, reserved 1048576K
}
Event: 21043,899 GC heap before
{Heap before GC invocations=134 (full 8):
 PSYoungGen      total 130560K, used 130539K [0x00000000f5580000, 0x0000000100000000, 0x0000000100000000)
  eden space 95744K, 100% used [0x00000000f5580000,0x00000000fb300000,0x00000000fb300000)
  from space 34816K, 99% used [0x00000000fb300000,0x00000000fd4fad20,0x00000000fd500000)
  to   space 44032K, 0% used [0x00000000fd500000,0x00000000fd500000,0x0000000100000000)
 ParOldGen       total 349184K, used 303341K [0x00000000e0000000, 0x00000000f5500000, 0x00000000f5580000)
  object space 349184K, 86% used [0x00000000e0000000,0x00000000f283b4e0,0x00000000f5500000)
 Metaspace       used 113110K, capacity 120956K, committed 121088K, reserved 1155072K
  class space    used 14063K, capacity 15583K, committed 15616K, reserved 1048576K
Event: 21043,952 GC heap after
Heap after GC invocations=134 (full 8):
 PSYoungGen      total 128512K, used 25100K [0x00000000f5580000, 0x0000000100000000, 0x0000000100000000)
  eden space 84480K, 0% used [0x00000000f5580000,0x00000000f5580000,0x00000000fa800000)
  from space 44032K, 57% used [0x00000000fd500000,0x00000000fed83288,0x0000000100000000)
  to   space 45056K, 0% used [0x00000000fa800000,0x00000000fa800000,0x00000000fd400000)
 ParOldGen       total 349184K, used 330560K [0x00000000e0000000, 0x00000000f5500000, 0x00000000f5580000)
  object space 349184K, 94% used [0x00000000e0000000,0x00000000f42d01c0,0x00000000f5500000)
 Metaspace       used 113110K, capacity 120956K, committed 121088K, reserved 1155072K
  class space    used 14063K, capacity 15583K, committed 15616K, reserved 1048576K
}
Event: 21043,952 GC heap before
{Heap before GC invocations=135 (full 9):
 PSYoungGen      total 128512K, used 25100K [0x00000000f5580000, 0x0000000100000000, 0x0000000100000000)
  eden space 84480K, 0% used [0x00000000f5580000,0x00000000f5580000,0x00000000fa800000)
  from space 44032K, 57% used [0x00000000fd500000,0x00000000fed83288,0x0000000100000000)
  to   space 45056K, 0% used [0x00000000fa800000,0x00000000fa800000,0x00000000fd400000)
 ParOldGen       total 349184K, used 330560K [0x00000000e0000000, 0x00000000f5500000, 0x00000000f5580000)
  object space 349184K, 94% used [0x00000000e0000000,0x00000000f42d01c0,0x00000000f5500000)
 Metaspace       used 113110K, capacity 120956K, committed 121088K, reserved 1155072K
  class space    used 14063K, capacity 15583K, committed 15616K, reserved 1048576K

